TN:
SF:middlewares\auth.js
FN:7,(anonymous_0)
FN:41,(anonymous_1)
FN:78,(anonymous_2)
FN:79,(anonymous_3)
FN:99,(anonymous_4)
FNF:5
FNH:4
FNDA:31,(anonymous_0)
FNDA:14,(anonymous_1)
FNDA:8,(anonymous_2)
FNDA:4,(anonymous_3)
FNDA:0,(anonymous_4)
DA:1,4
DA:2,4
DA:3,4
DA:4,4
DA:7,4
DA:8,31
DA:9,31
DA:11,31
DA:12,2
DA:15,29
DA:16,28
DA:18,28
DA:19,0
DA:22,28
DA:23,0
DA:26,28
DA:27,28
DA:30,1
DA:31,1
DA:33,1
DA:34,0
DA:36,1
DA:41,4
DA:42,14
DA:43,14
DA:45,14
DA:46,0
DA:50,14
DA:53,12
DA:54,12
DA:55,1
DA:58,11
DA:64,11
DA:67,2
DA:68,2
DA:70,2
DA:71,0
DA:73,2
DA:78,4
DA:79,8
DA:80,4
DA:81,0
DA:85,4
DA:86,0
DA:90,4
DA:91,0
DA:94,4
DA:99,4
DA:100,0
DA:101,0
DA:103,0
DA:104,0
DA:105,0
DA:107,0
DA:108,0
DA:112,0
DA:115,0
DA:119,4
LF:58
LH:41
BRDA:11,0,0,2
BRDA:11,0,1,29
BRDA:18,1,0,0
BRDA:18,1,1,28
BRDA:22,2,0,0
BRDA:22,2,1,28
BRDA:30,3,0,1
BRDA:30,3,1,1
BRDA:33,4,0,0
BRDA:33,4,1,1
BRDA:33,5,0,1
BRDA:33,5,1,1
BRDA:45,6,0,0
BRDA:45,6,1,14
BRDA:54,7,0,1
BRDA:54,7,1,11
BRDA:61,8,0,11
BRDA:61,8,1,0
BRDA:67,9,0,2
BRDA:67,9,1,1
BRDA:70,10,0,0
BRDA:70,10,1,2
BRDA:70,11,0,2
BRDA:70,11,1,2
BRDA:80,12,0,0
BRDA:80,12,1,4
BRDA:85,13,0,0
BRDA:85,13,1,4
BRDA:90,14,0,0
BRDA:90,14,1,4
BRDA:103,15,0,0
BRDA:103,15,1,0
BRDA:107,16,0,0
BRDA:107,16,1,0
BRDA:107,17,0,0
BRDA:107,17,1,0
BRF:36
BRH:21
end_of_record
TN:
SF:models\User.js
FN:6,(anonymous_0)
FN:37,(anonymous_1)
FN:75,(anonymous_2)
FN:146,(anonymous_3)
FN:159,(anonymous_4)
FN:184,(anonymous_5)
FN:221,(anonymous_6)
FN:290,(anonymous_7)
FN:322,(anonymous_8)
FN:365,(anonymous_9)
FN:395,(anonymous_10)
FN:402,(anonymous_11)
FN:413,(anonymous_12)
FN:424,(anonymous_13)
FN:442,(anonymous_14)
FNF:15
FNH:10
FNDA:9,(anonymous_0)
FNDA:51,(anonymous_1)
FNDA:14,(anonymous_2)
FNDA:0,(anonymous_3)
FNDA:9,(anonymous_4)
FNDA:78,(anonymous_5)
FNDA:1,(anonymous_6)
FNDA:3,(anonymous_7)
FNDA:3,(anonymous_8)
FNDA:5,(anonymous_9)
FNDA:0,(anonymous_10)
FNDA:0,(anonymous_11)
FNDA:0,(anonymous_12)
FNDA:0,(anonymous_13)
FNDA:9,(anonymous_14)
DA:1,4
DA:2,4
DA:7,9
DA:8,9
DA:10,9
DA:11,5
DA:14,4
DA:17,4
DA:39,51
DA:40,2
DA:43,49
DA:44,49
DA:46,49
DA:47,3
DA:50,46
DA:53,46
DA:77,14
DA:78,3
DA:81,11
DA:89,11
DA:91,11
DA:92,11
DA:109,10
DA:111,10
DA:112,0
DA:116,10
DA:135,1
DA:136,1
DA:138,1
DA:139,0
DA:141,1
DA:148,0
DA:154,0
DA:155,0
DA:161,9
DA:162,5
DA:163,5
DA:164,2
DA:168,7
DA:169,1
DA:170,1
DA:171,1
DA:175,6
DA:176,6
DA:178,6
DA:184,6
DA:185,78
DA:186,14
DA:187,14
DA:192,6
DA:193,1
DA:194,1
DA:197,6
DA:198,0
DA:201,6
DA:202,6
DA:203,6
DA:205,6
DA:206,6
DA:209,6
DA:212,6
DA:213,5
DA:214,5
DA:217,6
DA:222,1
DA:231,1
DA:233,1
DA:234,1
DA:237,1
DA:238,0
DA:239,0
DA:243,1
DA:244,0
DA:245,0
DA:249,1
DA:250,0
DA:251,0
DA:254,1
DA:258,1
DA:261,1
DA:262,1
DA:263,1
DA:264,1
DA:266,1
DA:269,1
DA:270,1
DA:271,1
DA:274,1
DA:284,1
DA:285,1
DA:287,1
DA:290,3
DA:305,1
DA:316,0
DA:317,0
DA:323,3
DA:324,3
DA:325,1
DA:329,2
DA:338,2
DA:339,2
DA:340,2
DA:342,2
DA:351,0
DA:353,0
DA:367,5
DA:368,5
DA:369,1
DA:372,4
DA:373,4
DA:379,4
DA:382,4
DA:383,0
DA:387,4
DA:389,0
DA:390,0
DA:398,0
DA:403,0
DA:409,0
DA:414,0
DA:420,0
DA:425,0
DA:437,0
DA:438,0
DA:443,9
DA:445,9
DA:448,9
DA:449,7
DA:453,9
DA:457,4
LF:130
LH:103
BRDA:10,0,0,5
BRDA:10,0,1,4
BRDA:22,1,0,3
BRDA:22,1,1,1
BRDA:23,2,0,4
BRDA:23,2,1,0
BRDA:24,3,0,4
BRDA:24,3,1,1
BRDA:30,4,0,4
BRDA:30,4,1,0
BRDA:31,5,0,4
BRDA:31,5,1,0
BRDA:32,6,0,4
BRDA:32,6,1,0
BRDA:39,7,0,2
BRDA:39,7,1,49
BRDA:39,8,0,51
BRDA:39,8,1,50
BRDA:46,9,0,3
BRDA:46,9,1,46
BRDA:58,10,0,46
BRDA:58,10,1,7
BRDA:59,11,0,46
BRDA:59,11,1,5
BRDA:60,12,0,46
BRDA:60,12,1,6
BRDA:66,13,0,46
BRDA:66,13,1,0
BRDA:67,14,0,46
BRDA:67,14,1,46
BRDA:68,15,0,46
BRDA:68,15,1,46
BRDA:69,16,0,46
BRDA:69,16,1,0
BRDA:70,17,0,46
BRDA:70,17,1,0
BRDA:77,18,0,3
BRDA:77,18,1,11
BRDA:77,19,0,14
BRDA:77,19,1,14
BRDA:77,19,2,12
BRDA:95,20,0,11
BRDA:95,20,1,7
BRDA:96,21,0,11
BRDA:96,21,1,8
BRDA:97,22,0,11
BRDA:97,22,1,6
BRDA:98,23,0,11
BRDA:98,23,1,7
BRDA:99,24,0,11
BRDA:99,24,1,8
BRDA:100,25,0,11
BRDA:100,25,1,8
BRDA:111,26,0,0
BRDA:111,26,1,10
BRDA:138,27,0,0
BRDA:138,27,1,1
BRDA:138,28,0,1
BRDA:138,28,1,1
BRDA:161,29,0,5
BRDA:161,29,1,4
BRDA:161,30,0,9
BRDA:161,30,1,5
BRDA:163,31,0,2
BRDA:163,31,1,3
BRDA:168,32,0,1
BRDA:168,32,1,6
BRDA:168,33,0,7
BRDA:168,33,1,1
BRDA:170,34,0,1
BRDA:170,34,1,0
BRDA:185,35,0,14
BRDA:185,35,1,64
BRDA:192,36,0,1
BRDA:192,36,1,5
BRDA:197,37,0,0
BRDA:197,37,1,6
BRDA:212,38,0,5
BRDA:212,38,1,1
BRDA:221,39,0,0
BRDA:224,40,0,1
BRDA:225,41,0,1
BRDA:226,42,0,1
BRDA:227,43,0,1
BRDA:228,44,0,1
BRDA:229,45,0,1
BRDA:230,46,0,1
BRDA:237,47,0,0
BRDA:237,47,1,1
BRDA:243,48,0,0
BRDA:243,48,1,1
BRDA:249,49,0,0
BRDA:249,49,1,1
BRDA:254,50,0,0
BRDA:254,50,1,1
BRDA:261,51,0,1
BRDA:261,51,1,0
BRDA:262,52,0,1
BRDA:262,52,1,0
BRDA:324,53,0,1
BRDA:324,53,1,2
BRDA:340,54,0,2
BRDA:340,54,1,0
BRDA:345,55,0,2
BRDA:345,55,1,1
BRDA:346,56,0,2
BRDA:346,56,1,1
BRDA:347,57,0,2
BRDA:347,57,1,2
BRDA:365,58,0,5
BRDA:368,59,0,1
BRDA:368,59,1,4
BRDA:382,60,0,0
BRDA:382,60,1,4
BRDA:402,61,0,0
BRDA:443,62,0,0
BRDA:443,62,1,9
BRDA:448,63,0,7
BRDA:448,63,1,2
BRF:119
BRH:97
end_of_record
TN:
SF:routes\admin.js
FN:12,(anonymous_0)
FN:68,(anonymous_1)
FN:86,(anonymous_2)
FN:104,(anonymous_3)
FN:126,(anonymous_4)
FN:155,(anonymous_5)
FN:165,(anonymous_6)
FN:188,(anonymous_7)
FN:224,(anonymous_8)
FN:287,getUserAddressHistory
FN:308,getUserServiceHistory
FN:329,generateCSV
FN:331,(anonymous_12)
FN:344,(anonymous_13)
FN:344,(anonymous_14)
FN:351,getAdminSession
FNF:16
FNH:10
FNDA:6,(anonymous_0)
FNDA:2,(anonymous_1)
FNDA:5,(anonymous_2)
FNDA:1,(anonymous_3)
FNDA:3,(anonymous_4)
FNDA:4,(anonymous_5)
FNDA:3,(anonymous_6)
FNDA:0,(anonymous_7)
FNDA:1,(anonymous_8)
FNDA:2,getUserAddressHistory
FNDA:2,getUserServiceHistory
FNDA:0,generateCSV
FNDA:0,(anonymous_12)
FNDA:0,(anonymous_13)
FNDA:0,(anonymous_14)
FNDA:0,getAdminSession
DA:1,4
DA:2,4
DA:3,4
DA:4,4
DA:5,4
DA:6,4
DA:7,4
DA:9,4
DA:12,4
DA:13,6
DA:14,6
DA:16,6
DA:17,1
DA:21,5
DA:23,5
DA:24,1
DA:28,4
DA:40,4
DA:47,4
DA:49,4
DA:62,0
DA:63,0
DA:68,4
DA:69,2
DA:70,2
DA:73,2
DA:74,2
DA:77,2
DA:80,0
DA:81,0
DA:86,4
DA:87,5
DA:88,5
DA:89,5
DA:91,5
DA:92,1
DA:95,4
DA:98,0
DA:99,0
DA:104,4
DA:105,1
DA:106,1
DA:116,1
DA:117,1
DA:120,0
DA:121,0
DA:126,4
DA:127,3
DA:128,3
DA:130,3
DA:132,3
DA:133,1
DA:137,2
DA:140,2
DA:142,2
DA:149,0
DA:150,0
DA:155,4
DA:156,4
DA:157,4
DA:158,4
DA:160,4
DA:161,1
DA:165,3
DA:168,3
DA:169,3
DA:172,3
DA:173,3
DA:175,3
DA:176,0
DA:179,3
DA:182,0
DA:183,0
DA:188,4
DA:189,0
DA:190,0
DA:192,0
DA:194,0
DA:195,0
DA:196,0
DA:197,0
DA:198,0
DA:199,0
DA:203,0
DA:204,0
DA:207,0
DA:209,0
DA:210,0
DA:211,0
DA:212,0
DA:214,0
DA:218,0
DA:219,0
DA:224,4
DA:225,1
DA:227,1
DA:234,1
DA:237,1
DA:248,1
DA:249,1
DA:250,1
DA:252,0
DA:253,0
DA:262,1
DA:279,1
DA:281,0
DA:282,0
DA:289,2
DA:304,2
DA:310,2
DA:325,2
DA:330,0
DA:331,0
DA:343,0
DA:344,0
DA:347,0
DA:352,0
DA:356,4
DA:357,4
LF:119
LH:77
BRDA:16,0,0,1
BRDA:16,0,1,5
BRDA:23,1,0,1
BRDA:23,1,1,4
BRDA:73,2,0,2
BRDA:73,2,1,0
BRDA:91,3,0,1
BRDA:91,3,1,4
BRDA:132,4,0,1
BRDA:132,4,1,2
BRDA:160,5,0,1
BRDA:160,5,1,3
BRDA:160,6,0,4
BRDA:160,6,1,4
BRDA:175,7,0,0
BRDA:175,7,1,3
BRDA:190,8,0,0
BRDA:194,9,0,0
BRDA:194,9,1,0
BRDA:198,10,0,0
BRDA:198,10,1,0
BRDA:207,11,0,0
BRDA:207,11,1,0
BRDA:264,12,0,1
BRDA:264,12,1,0
BRDA:265,13,0,1
BRDA:265,13,1,0
BRDA:266,14,0,1
BRDA:266,14,1,0
BRDA:269,15,0,1
BRDA:269,15,1,0
BRDA:270,16,0,1
BRDA:270,16,1,0
BRDA:271,17,0,1
BRDA:271,17,1,0
BRDA:274,18,0,1
BRDA:274,18,1,0
BRDA:275,19,0,1
BRDA:275,19,1,0
BRDA:304,20,0,2
BRDA:304,20,1,2
BRDA:325,21,0,2
BRDA:325,21,1,2
BRDA:334,22,0,0
BRDA:334,22,1,0
BRDA:335,23,0,0
BRDA:335,23,1,0
BRF:47
BRH:26
end_of_record
TN:
SF:routes\auth.js
FN:11,(anonymous_0)
FN:56,(anonymous_1)
FN:98,(anonymous_2)
FN:148,(anonymous_3)
FN:158,(anonymous_4)
FN:168,(anonymous_5)
FN:210,(anonymous_6)
FN:245,(anonymous_7)
FN:256,getWechatUserInfo
FN:275,parseGender
FNF:10
FNH:5
FNDA:5,(anonymous_0)
FNDA:2,(anonymous_1)
FNDA:0,(anonymous_2)
FNDA:0,(anonymous_3)
FNDA:2,(anonymous_4)
FNDA:0,(anonymous_5)
FNDA:4,(anonymous_6)
FNDA:1,(anonymous_7)
FNDA:0,getWechatUserInfo
FNDA:0,parseGender
DA:1,4
DA:2,4
DA:3,4
DA:4,4
DA:5,4
DA:6,4
DA:8,4
DA:11,4
DA:12,5
DA:13,5
DA:16,5
DA:17,1
DA:21,4
DA:22,4
DA:23,1
DA:27,3
DA:39,3
DA:44,3
DA:50,0
DA:51,0
DA:56,4
DA:57,2
DA:58,2
DA:60,2
DA:61,0
DA:65,2
DA:67,2
DA:69,1
DA:70,0
DA:73,1
DA:81,2
DA:86,2
DA:92,0
DA:93,0
DA:98,4
DA:99,0
DA:100,0
DA:102,0
DA:103,0
DA:107,0
DA:109,0
DA:110,0
DA:114,0
DA:116,0
DA:118,0
DA:127,0
DA:131,0
DA:136,0
DA:142,0
DA:143,0
DA:148,4
DA:149,0
DA:150,0
DA:152,0
DA:153,0
DA:158,4
DA:159,2
DA:160,2
DA:162,0
DA:163,0
DA:168,4
DA:169,0
DA:170,0
DA:173,0
DA:174,0
DA:176,0
DA:177,0
DA:181,0
DA:182,0
DA:186,0
DA:187,0
DA:190,0
DA:201,0
DA:204,0
DA:205,0
DA:210,4
DA:211,4
DA:212,4
DA:215,4
DA:216,1
DA:220,3
DA:221,1
DA:224,2
DA:236,2
DA:239,0
DA:240,0
DA:245,4
DA:246,1
DA:248,1
DA:250,0
DA:251,0
DA:257,0
DA:258,0
DA:259,0
DA:266,0
DA:267,0
DA:269,0
DA:270,0
DA:276,0
DA:277,0
DA:280,4
LF:101
LH:47
BRDA:16,0,0,1
BRDA:16,0,1,4
BRDA:16,1,0,5
BRDA:16,1,1,4
BRDA:22,2,0,1
BRDA:22,2,1,3
BRDA:46,3,0,3
BRDA:46,3,1,0
BRDA:60,4,0,0
BRDA:60,4,1,2
BRDA:67,5,0,1
BRDA:67,5,1,1
BRDA:69,6,0,0
BRDA:69,6,1,1
BRDA:88,7,0,2
BRDA:88,7,1,0
BRDA:102,8,0,0
BRDA:102,8,1,0
BRDA:109,9,0,0
BRDA:109,9,1,0
BRDA:116,10,0,0
BRDA:116,10,1,0
BRDA:121,11,0,0
BRDA:121,11,1,0
BRDA:150,12,0,0
BRDA:150,12,1,0
BRDA:160,13,0,2
BRDA:160,13,1,0
BRDA:176,14,0,0
BRDA:176,14,1,0
BRDA:181,15,0,0
BRDA:181,15,1,0
BRDA:181,16,0,0
BRDA:181,16,1,0
BRDA:186,17,0,0
BRDA:186,17,1,0
BRDA:186,18,0,0
BRDA:186,18,1,0
BRDA:215,19,0,1
BRDA:215,19,1,3
BRDA:215,20,0,4
BRDA:215,20,1,3
BRDA:220,21,0,1
BRDA:220,21,1,2
BRDA:220,22,0,3
BRDA:220,22,1,1
BRDA:236,23,0,2
BRDA:236,23,1,0
BRDA:277,24,0,0
BRDA:277,24,1,0
BRF:50
BRH:22
end_of_record
TN:
SF:routes\bookings.js
FN:9,(anonymous_0)
FN:79,(anonymous_1)
FN:130,(anonymous_2)
FN:165,(anonymous_3)
FN:232,(anonymous_4)
FNF:5
FNH:5
FNDA:7,(anonymous_0)
FNDA:4,(anonymous_1)
FNDA:3,(anonymous_2)
FNDA:3,(anonymous_3)
FNDA:4,(anonymous_4)
DA:1,4
DA:2,4
DA:3,4
DA:4,4
DA:6,4
DA:9,4
DA:10,7
DA:11,7
DA:12,7
DA:15,7
DA:16,1
DA:20,6
DA:21,6
DA:22,1
DA:26,5
DA:27,5
DA:28,5
DA:29,5
DA:30,1
DA:34,4
DA:35,4
DA:36,1
DA:40,3
DA:46,3
DA:49,3
DA:54,3
DA:57,3
DA:70,3
DA:73,0
DA:74,0
DA:79,4
DA:80,4
DA:81,4
DA:82,4
DA:84,4
DA:85,4
DA:87,4
DA:88,1
DA:89,1
DA:93,4
DA:94,4
DA:97,4
DA:98,4
DA:99,4
DA:102,4
DA:112,4
DA:114,4
DA:121,4
DA:124,0
DA:125,0
DA:130,4
DA:131,3
DA:132,3
DA:133,3
DA:136,3
DA:137,3
DA:138,1
DA:142,2
DA:143,1
DA:146,1
DA:154,1
DA:156,1
DA:159,0
DA:160,0
DA:165,4
DA:166,3
DA:167,3
DA:168,3
DA:169,3
DA:172,3
DA:173,3
DA:174,0
DA:178,3
DA:179,3
DA:180,1
DA:183,2
DA:184,2
DA:185,1
DA:189,1
DA:190,1
DA:192,1
DA:193,1
DA:194,1
DA:196,1
DA:197,1
DA:198,1
DA:200,1
DA:201,1
DA:202,1
DA:205,1
DA:206,0
DA:209,1
DA:210,1
DA:212,1
DA:215,1
DA:223,1
DA:226,0
DA:227,0
DA:232,4
DA:233,4
DA:234,4
DA:235,4
DA:236,4
DA:239,4
DA:240,4
DA:241,0
DA:244,4
DA:245,4
DA:246,1
DA:248,3
DA:249,1
DA:253,2
DA:255,2
DA:258,0
DA:259,0
DA:263,4
LF:116
LH:103
BRDA:15,0,0,1
BRDA:15,0,1,6
BRDA:15,1,0,7
BRDA:15,1,1,7
BRDA:15,1,2,6
BRDA:15,1,3,6
BRDA:21,2,0,1
BRDA:21,2,1,5
BRDA:29,3,0,1
BRDA:29,3,1,4
BRDA:35,4,0,1
BRDA:35,4,1,3
BRDA:46,5,0,3
BRDA:46,5,1,0
BRDA:52,6,0,3
BRDA:52,6,1,2
BRDA:65,7,0,3
BRDA:65,7,1,2
BRDA:82,8,0,3
BRDA:82,9,0,3
BRDA:82,10,0,3
BRDA:87,11,0,1
BRDA:87,11,1,3
BRDA:97,12,0,4
BRDA:97,12,1,0
BRDA:98,13,0,4
BRDA:98,13,1,0
BRDA:137,14,0,1
BRDA:137,14,1,2
BRDA:142,15,0,1
BRDA:142,15,1,1
BRDA:173,16,0,0
BRDA:173,16,1,3
BRDA:179,17,0,1
BRDA:179,17,1,2
BRDA:184,18,0,1
BRDA:184,18,1,1
BRDA:184,19,0,2
BRDA:184,19,1,1
BRDA:192,20,0,1
BRDA:192,20,1,0
BRDA:196,21,0,1
BRDA:196,21,1,0
BRDA:200,22,0,1
BRDA:200,22,1,0
BRDA:205,23,0,0
BRDA:205,23,1,1
BRDA:240,24,0,0
BRDA:240,24,1,4
BRDA:245,25,0,1
BRDA:245,25,1,3
BRDA:248,26,0,1
BRDA:248,26,1,2
BRF:53
BRH:44
end_of_record
TN:
SF:routes\community.js
FN:7,(anonymous_0)
FNF:1
FNH:0
FNDA:0,(anonymous_0)
DA:1,4
DA:2,4
DA:4,4
DA:7,4
DA:8,0
DA:11,4
LF:6
LH:5
BRF:0
BRH:0
end_of_record
TN:
SF:routes\config.js
FN:7,(anonymous_0)
FNF:1
FNH:0
FNDA:0,(anonymous_0)
DA:1,4
DA:2,4
DA:4,4
DA:7,4
DA:8,0
DA:9,0
DA:27,0
DA:29,0
DA:30,0
DA:34,4
LF:10
LH:5
BRF:0
BRH:0
end_of_record
TN:
SF:routes\health.js
FN:7,(anonymous_0)
FNF:1
FNH:0
FNDA:0,(anonymous_0)
DA:1,4
DA:2,4
DA:4,4
DA:7,4
DA:8,0
DA:11,4
LF:6
LH:5
BRF:0
BRH:0
end_of_record
TN:
SF:routes\hospitals.js
FN:7,(anonymous_0)
FNF:1
FNH:0
FNDA:0,(anonymous_0)
DA:1,4
DA:2,4
DA:4,4
DA:7,4
DA:8,0
DA:11,4
LF:6
LH:5
BRF:0
BRH:0
end_of_record
TN:
SF:routes\services.js
FN:9,(anonymous_0)
FN:21,(anonymous_1)
FN:36,(anonymous_2)
FN:55,(anonymous_3)
FNF:4
FNH:2
FNDA:2,(anonymous_0)
FNDA:8,(anonymous_1)
FNDA:0,(anonymous_2)
FNDA:0,(anonymous_3)
DA:1,4
DA:2,4
DA:3,4
DA:4,4
DA:6,4
DA:9,4
DA:10,2
DA:11,2
DA:18,2
DA:21,8
DA:27,2
DA:30,0
DA:31,0
DA:36,4
DA:37,0
DA:38,0
DA:45,0
DA:46,0
DA:49,0
DA:50,0
DA:55,4
DA:56,0
DA:57,0
DA:59,0
DA:65,0
DA:67,0
DA:68,0
DA:71,0
DA:74,0
DA:75,0
DA:79,4
LF:31
LH:14
BRDA:67,0,0,0
BRDA:67,0,1,0
BRF:2
BRH:0
end_of_record
TN:
SF:routes\upload.js
FN:7,(anonymous_0)
FNF:1
FNH:0
FNDA:0,(anonymous_0)
DA:1,4
DA:2,4
DA:4,4
DA:7,4
DA:8,0
DA:11,4
LF:6
LH:5
BRF:0
BRH:0
end_of_record
TN:
SF:routes\users.js
FN:7,(anonymous_0)
FNF:1
FNH:0
FNDA:0,(anonymous_0)
DA:1,4
DA:2,4
DA:4,4
DA:7,4
DA:8,0
DA:11,4
LF:6
LH:5
BRF:0
BRH:0
end_of_record
TN:
SF:utils\adminSession.js
FN:9,createSession
FN:36,getSession
FN:60,deleteSession
FN:77,isValidSession
FN:88,cleanupExpiredSessions
FNF:5
FNH:4
FNDA:16,createSession
FNDA:17,getSession
FNDA:2,deleteSession
FNDA:12,isValidSession
FNDA:0,cleanupExpiredSessions
DA:2,4
DA:5,4
DA:6,4
DA:10,16
DA:12,16
DA:13,16
DA:16,0
DA:17,0
DA:22,0
DA:28,0
DA:30,0
DA:31,0
DA:37,17
DA:39,17
DA:40,17
DA:41,15
DA:43,2
DA:44,0
DA:46,2
DA:49,0
DA:50,0
DA:51,0
DA:52,0
DA:54,0
DA:55,0
DA:61,2
DA:63,2
DA:66,0
DA:67,0
DA:68,0
DA:69,0
DA:71,0
DA:72,0
DA:78,12
DA:79,12
DA:80,12
DA:82,0
DA:83,0
DA:89,0
DA:91,0
DA:92,0
DA:93,0
DA:94,0
DA:95,0
DA:96,0
DA:99,0
DA:102,0
DA:103,0
DA:104,0
DA:105,0
DA:106,0
DA:108,0
DA:109,0
DA:115,4
DA:116,0
DA:119,4
LF:56
LH:19
BRDA:10,0,0,16
BRDA:10,0,1,0
BRDA:37,1,0,17
BRDA:37,1,1,0
BRDA:40,2,0,15
BRDA:40,2,1,2
BRDA:40,3,0,17
BRDA:40,3,1,15
BRDA:43,4,0,0
BRDA:43,4,1,2
BRDA:52,5,0,0
BRDA:52,5,1,0
BRDA:61,6,0,2
BRDA:61,6,1,0
BRDA:89,7,0,0
BRDA:89,7,1,0
BRDA:94,8,0,0
BRDA:94,8,1,0
BRDA:115,9,0,0
BRDA:115,9,1,4
BRF:20
BRH:9
end_of_record
TN:
SF:utils\index.js
FN:6,(anonymous_0)
FN:11,(anonymous_1)
FN:18,(anonymous_2)
FN:23,(anonymous_3)
FN:29,(anonymous_4)
FN:35,(anonymous_5)
FN:45,(anonymous_6)
FN:52,(anonymous_7)
FN:63,(anonymous_8)
FN:74,(anonymous_9)
FN:84,(anonymous_10)
FN:95,(anonymous_11)
FN:97,(anonymous_12)
FN:102,(anonymous_13)
FN:104,(anonymous_14)
FN:113,(anonymous_15)
FN:123,(anonymous_16)
FN:125,(anonymous_17)
FN:129,(anonymous_18)
FN:132,(anonymous_19)
FN:135,(anonymous_20)
FN:138,(anonymous_21)
FNF:22
FNH:5
FNDA:0,(anonymous_0)
FNDA:0,(anonymous_1)
FNDA:4,(anonymous_2)
FNDA:13,(anonymous_3)
FNDA:0,(anonymous_4)
FNDA:7,(anonymous_5)
FNDA:0,(anonymous_6)
FNDA:40,(anonymous_7)
FNDA:25,(anonymous_8)
FNDA:0,(anonymous_9)
FNDA:0,(anonymous_10)
FNDA:0,(anonymous_11)
FNDA:0,(anonymous_12)
FNDA:0,(anonymous_13)
FNDA:0,(anonymous_14)
FNDA:0,(anonymous_15)
FNDA:0,(anonymous_16)
FNDA:0,(anonymous_17)
FNDA:0,(anonymous_18)
FNDA:0,(anonymous_19)
FNDA:0,(anonymous_20)
FNDA:0,(anonymous_21)
DA:1,4
DA:2,4
DA:7,0
DA:12,0
DA:13,0
DA:14,0
DA:19,4
DA:24,13
DA:25,13
DA:30,0
DA:31,0
DA:36,7
DA:37,7
DA:38,7
DA:39,0
DA:41,7
DA:46,0
DA:47,0
DA:48,0
DA:53,40
DA:64,25
DA:75,0
DA:85,0
DA:86,0
DA:87,0
DA:88,0
DA:91,0
DA:96,0
DA:97,0
DA:98,0
DA:103,0
DA:104,0
DA:105,0
DA:106,0
DA:109,0
DA:114,0
DA:115,0
DA:116,0
DA:117,0
DA:119,0
DA:124,0
DA:126,0
DA:130,0
DA:133,0
DA:136,0
DA:139,0
DA:143,0
DA:144,0
DA:145,0
DA:148,0
DA:149,0
DA:152,0
DA:156,4
LF:53
LH:12
BRDA:18,0,0,4
BRDA:24,1,0,0
BRDA:24,1,1,13
BRDA:30,2,0,0
BRDA:30,2,1,0
BRDA:36,3,0,0
BRDA:36,3,1,7
BRDA:38,4,0,0
BRDA:38,4,1,7
BRDA:45,5,0,0
BRDA:45,6,0,0
BRDA:52,7,0,0
BRDA:52,8,0,17
BRDA:52,9,0,40
BRDA:55,10,0,40
BRDA:55,10,1,40
BRDA:63,11,0,0
BRDA:63,12,0,0
BRDA:63,13,0,25
BRDA:64,14,0,25
BRDA:64,14,1,0
BRDA:87,15,0,0
BRDA:87,15,1,0
BRDA:105,16,0,0
BRDA:105,16,1,0
BRDA:113,17,0,0
BRDA:126,18,0,0
BRDA:126,18,1,0
BRDA:126,18,2,0
BRDA:126,18,3,0
BRDA:130,19,0,0
BRDA:130,19,1,0
BRDA:133,20,0,0
BRDA:133,20,1,0
BRDA:136,21,0,0
BRDA:136,21,1,0
BRDA:139,22,0,0
BRDA:139,22,1,0
BRDA:144,23,0,0
BRDA:144,23,1,0
BRDA:148,24,0,0
BRDA:148,24,1,0
BRF:42
BRH:10
end_of_record
TN:
SF:utils\jwt.js
FN:5,(anonymous_0)
FN:17,(anonymous_1)
FN:30,(anonymous_2)
FN:63,(anonymous_3)
FN:104,(anonymous_4)
FNF:5
FNH:5
FNDA:40,(anonymous_0)
FNDA:4,(anonymous_1)
FNDA:29,(anonymous_2)
FNDA:14,(anonymous_3)
FNDA:47,(anonymous_4)
DA:1,4
DA:6,40
DA:18,4
DA:31,29
DA:32,29
DA:33,0
DA:35,29
DA:38,1
DA:39,1
DA:41,1
DA:42,0
DA:51,1
DA:52,0
DA:53,1
DA:54,1
DA:55,0
DA:56,0
DA:58,0
DA:64,14
DA:65,14
DA:66,0
DA:69,14
DA:70,0
DA:73,14
DA:76,12
DA:79,2
DA:80,2
DA:82,2
DA:83,0
DA:92,2
DA:93,1
DA:94,1
DA:95,1
DA:96,0
DA:97,0
DA:99,0
DA:105,47
DA:106,47
DA:107,2
DA:109,45
DA:113,4
LF:41
LH:29
BRDA:22,0,0,4
BRDA:22,0,1,4
BRDA:32,1,0,0
BRDA:32,1,1,29
BRDA:38,2,0,1
BRDA:38,2,1,1
BRDA:41,3,0,0
BRDA:41,3,1,1
BRDA:41,4,0,1
BRDA:41,4,1,1
BRDA:45,5,0,0
BRDA:45,5,1,0
BRDA:46,6,0,0
BRDA:46,6,1,0
BRDA:51,7,0,0
BRDA:51,7,1,1
BRDA:53,8,0,1
BRDA:53,8,1,0
BRDA:55,9,0,0
BRDA:55,9,1,0
BRDA:65,10,0,0
BRDA:65,10,1,14
BRDA:69,11,0,0
BRDA:69,11,1,14
BRDA:79,12,0,2
BRDA:79,12,1,1
BRDA:82,13,0,0
BRDA:82,13,1,2
BRDA:82,14,0,2
BRDA:82,14,1,2
BRDA:86,15,0,0
BRDA:86,15,1,0
BRDA:87,16,0,0
BRDA:87,16,1,0
BRDA:92,17,0,1
BRDA:92,17,1,1
BRDA:94,18,0,1
BRDA:94,18,1,0
BRDA:96,19,0,0
BRDA:96,19,1,0
BRDA:99,20,0,0
BRDA:99,20,1,0
BRDA:106,21,0,2
BRDA:106,21,1,45
BRDA:106,22,0,47
BRDA:106,22,1,45
BRF:46
BRH:24
end_of_record
